This is pdfTeX, Version 3.14159265-2.6-1.40.16 (MiKTeX 2.9) (preloaded format=pdflatex 2016.2.10)  30 MAR 2020 15:39
entering extended mode
**"C:/Users/Micah Warren/Documents/math/New folder/ShakespeareMarch30.tex"
("C:/Users/Micah Warren/Documents/math/New folder/ShakespeareMarch30.tex"
LaTeX2e <2015/10/01> patch level 2
Babel <3.9n> and hyphenation patterns for 69 languages loaded.

("C:\Users\Micah Warren\AppData\Local\Programs\MiKTeX 2.9\tex\latex\base\articl
e.cls"
Document Class: article 2014/09/29 v1.4h Standard LaTeX document class

("C:\Users\Micah Warren\AppData\Local\Programs\MiKTeX 2.9\tex\latex\base\size10
.clo"
File: size10.clo 2014/09/29 v1.4h Standard LaTeX file (size option)
)
\c@part=\count79
\c@section=\count80
\c@subsection=\count81
\c@subsubsection=\count82
\c@paragraph=\count83
\c@subparagraph=\count84
\c@figure=\count85
\c@table=\count86
\abovecaptionskip=\skip41
\belowcaptionskip=\skip42
\bibindent=\dimen102
)
("C:\Users\Micah Warren\AppData\Local\Programs\MiKTeX 2.9\tex\latex\amsfonts\am
sfonts.sty"
Package: amsfonts 2013/01/14 v3.01 Basic AMSFonts support
\@emptytoks=\toks14
\symAMSa=\mathgroup4
\symAMSb=\mathgroup5
LaTeX Font Info:    Overwriting math alphabet `\mathfrak' in version `bold'
(Font)                  U/euf/m/n --> U/euf/b/n on input line 106.
)
("C:\Users\Micah Warren\AppData\Local\Programs\MiKTeX 2.9\tex\latex\tools\longt
able.sty"
Package: longtable 2014/10/28 v4.11 Multi-page Table package (DPC)
\LTleft=\skip43
\LTright=\skip44
\LTpre=\skip45
\LTpost=\skip46
\LTchunksize=\count87
\LTcapwidth=\dimen103
\LT@head=\box26
\LT@firsthead=\box27
\LT@foot=\box28
\LT@lastfoot=\box29
\LT@cols=\count88
\LT@rows=\count89
\c@LT@tables=\count90
\c@LT@chunks=\count91
\LT@p@ftn=\toks15
)
("C:\Users\Micah Warren\AppData\Local\Programs\MiKTeX 2.9\tex\latex\amsmath\ams
math.sty"
Package: amsmath 2013/01/14 v2.14 AMS math features
\@mathmargin=\skip47

For additional information on amsmath, use the `?' option.

("C:\Users\Micah Warren\AppData\Local\Programs\MiKTeX 2.9\tex\latex\amsmath\ams
text.sty"
Package: amstext 2000/06/29 v2.01

("C:\Users\Micah Warren\AppData\Local\Programs\MiKTeX 2.9\tex\latex\amsmath\ams
gen.sty"
File: amsgen.sty 1999/11/30 v2.0
\@emptytoks=\toks16
\ex@=\dimen104
))
("C:\Users\Micah Warren\AppData\Local\Programs\MiKTeX 2.9\tex\latex\amsmath\ams
bsy.sty"
Package: amsbsy 1999/11/29 v1.2d
\pmbraise@=\dimen105
)
("C:\Users\Micah Warren\AppData\Local\Programs\MiKTeX 2.9\tex\latex\amsmath\ams
opn.sty"
Package: amsopn 1999/12/14 v2.01 operator names
)
\inf@bad=\count92
LaTeX Info: Redefining \frac on input line 210.
\uproot@=\count93
\leftroot@=\count94
LaTeX Info: Redefining \overline on input line 306.
\classnum@=\count95
\DOTSCASE@=\count96
LaTeX Info: Redefining \ldots on input line 378.
LaTeX Info: Redefining \dots on input line 381.
LaTeX Info: Redefining \cdots on input line 466.
\Mathstrutbox@=\box30
\strutbox@=\box31
\big@size=\dimen106
LaTeX Font Info:    Redeclaring font encoding OML on input line 566.
LaTeX Font Info:    Redeclaring font encoding OMS on input line 567.
\macc@depth=\count97
\c@MaxMatrixCols=\count98
\dotsspace@=\muskip10
\c@parentequation=\count99
\dspbrk@lvl=\count100
\tag@help=\toks17
\row@=\count101
\column@=\count102
\maxfields@=\count103
\andhelp@=\toks18
\eqnshift@=\dimen107
\alignsep@=\dimen108
\tagshift@=\dimen109
\tagwidth@=\dimen110
\totwidth@=\dimen111
\lineht@=\dimen112
\@envbody=\toks19
\multlinegap=\skip48
\multlinetaggap=\skip49
\mathdisplay@stack=\toks20
LaTeX Info: Redefining \[ on input line 2665.
LaTeX Info: Redefining \] on input line 2666.
)
("C:\Users\Micah Warren\AppData\Local\Programs\MiKTeX 2.9\tex\latex\amsfonts\am
ssymb.sty"
Package: amssymb 2013/01/14 v3.01 AMS font symbols
)
("C:\Users\Micah Warren\AppData\Local\Programs\MiKTeX 2.9\tex\latex\graphics\gr
aphicx.sty"
Package: graphicx 2014/10/28 v1.0g Enhanced LaTeX Graphics (DPC,SPQR)

("C:\Users\Micah Warren\AppData\Local\Programs\MiKTeX 2.9\tex\latex\graphics\ke
yval.sty"
Package: keyval 2014/10/28 v1.15 key=value parser (DPC)
\KV@toks@=\toks21
)
("C:\Users\Micah Warren\AppData\Local\Programs\MiKTeX 2.9\tex\latex\graphics\gr
aphics.sty"
Package: graphics 2014/10/28 v1.0p Standard LaTeX Graphics (DPC,SPQR)

("C:\Users\Micah Warren\AppData\Local\Programs\MiKTeX 2.9\tex\latex\graphics\tr
ig.sty"
Package: trig 1999/03/16 v1.09 sin cos tan (DPC)
)
("C:\Users\Micah Warren\AppData\Local\Programs\MiKTeX 2.9\tex\latex\00miktex\gr
aphics.cfg"
File: graphics.cfg 2007/01/18 v1.5 graphics configuration of teTeX/TeXLive
)
Package graphics Info: Driver file: pdftex.def on input line 94.

("C:\Users\Micah Warren\AppData\Local\Programs\MiKTeX 2.9\tex\latex\pdftex-def\
pdftex.def"
File: pdftex.def 2011/05/27 v0.06d Graphics/color for pdfTeX

("C:\Users\Micah Warren\AppData\Local\Programs\MiKTeX 2.9\tex\generic\oberdiek\
infwarerr.sty"
Package: infwarerr 2010/04/08 v1.3 Providing info/warning/error messages (HO)
)
("C:\Users\Micah Warren\AppData\Local\Programs\MiKTeX 2.9\tex\generic\oberdiek\
ltxcmds.sty"
Package: ltxcmds 2011/11/09 v1.22 LaTeX kernel commands for general use (HO)
)
\Gread@gobject=\count104
))
\Gin@req@height=\dimen113
\Gin@req@width=\dimen114
)
\c@theorem=\count105
 (ShakespeareMarch30.aux)
\openout1 = `ShakespeareMarch30.aux'.

LaTeX Font Info:    Checking defaults for OML/cmm/m/it on input line 34.
LaTeX Font Info:    ... okay on input line 34.
LaTeX Font Info:    Checking defaults for T1/cmr/m/n on input line 34.
LaTeX Font Info:    ... okay on input line 34.
LaTeX Font Info:    Checking defaults for OT1/cmr/m/n on input line 34.
LaTeX Font Info:    ... okay on input line 34.
LaTeX Font Info:    Checking defaults for OMS/cmsy/m/n on input line 34.
LaTeX Font Info:    ... okay on input line 34.
LaTeX Font Info:    Checking defaults for OMX/cmex/m/n on input line 34.
LaTeX Font Info:    ... okay on input line 34.
LaTeX Font Info:    Checking defaults for U/cmr/m/n on input line 34.
LaTeX Font Info:    ... okay on input line 34.

("C:\Users\Micah Warren\AppData\Local\Programs\MiKTeX 2.9\tex\context\base\supp
-pdf.mkii"
[Loading MPS to PDF converter (version 2006.09.02).]
\scratchcounter=\count106
\scratchdimen=\dimen115
\scratchbox=\box32
\nofMPsegments=\count107
\nofMParguments=\count108
\everyMPshowfont=\toks22
\MPscratchCnt=\count109
\MPscratchDim=\dimen116
\MPnumerator=\count110
\makeMPintoPDFobject=\count111
\everyMPtoPDFconversion=\toks23
)
LaTeX Font Info:    Try loading font information for U+msa on input line 38.

("C:\Users\Micah Warren\AppData\Local\Programs\MiKTeX 2.9\tex\latex\amsfonts\um
sa.fd"
File: umsa.fd 2013/01/14 v3.01 AMS symbols A
)
LaTeX Font Info:    Try loading font information for U+msb on input line 38.

("C:\Users\Micah Warren\AppData\Local\Programs\MiKTeX 2.9\tex\latex\amsfonts\um
sb.fd"
File: umsb.fd 2013/01/14 v3.01 AMS symbols B
) [1

{C:/Users/Micah Warren/AppData/Local/MiKTeX/2.9/pdftex/config/pdftex.map}] [2] 
[3]
Missing character: There is no â in font cmr10!
Missing character: There is no € in font cmr10!
Missing character: There is no “ in font cmr10!

Underfull \hbox (badness 3179) in paragraph at lines 140--144
[]\OT1/cmr/m/n/10 Ramesh, Varun and Wat-son, Jean-Luc. \OT1/cmr/m/it/10 Shake-s
peare and Satoshi
 []


Underfull \hbox (badness 3229) in paragraph at lines 140--144
\OT1/cmr/m/it/10 - De-anonymizing Writ-ing Us-ing BiL-STMs with At-ten-tion\OT1
/cmr/m/n/10 . 2018.
 []


Overfull \hbox (48.05646pt too wide) in paragraph at lines 140--144
\OT1/cmr/m/n/10 https://web.stanford.edu/class/archive/cs/cs224n/cs224n.1184/re
ports/6858026.pdf 
 []


Underfull \hbox (badness 10000) in paragraph at lines 146--148
[]\OT1/cmr/m/n/10 Ramesh, Varun and Wat-son, Jean-Luc.
 []

<experiment1.png, id=18, 1175.1102pt x 615.7404pt>
File: experiment1.png Graphic file (type png)
 <use experiment1.png>
Package pdftex.def Info: experiment1.png used on input line 155.
(pdftex.def)             Requested size: 482.9979pt x 253.08469pt.

<experiment2.png, id=20, 1175.1102pt x 615.7404pt>
File: experiment2.png Graphic file (type png)
 <use experiment2.png>
Package pdftex.def Info: experiment2.png used on input line 170.
(pdftex.def)             Requested size: 482.9979pt x 253.08469pt.

<experiment3.png, id=21, 1175.1102pt x 615.7404pt>
File: experiment3.png Graphic file (type png)
 <use experiment3.png>
Package pdftex.def Info: experiment3.png used on input line 180.
(pdftex.def)             Requested size: 482.9979pt x 253.08469pt.

<experiment4.png, id=22, 1175.1102pt x 615.7404pt>
File: experiment4.png Graphic file (type png)
 <use experiment4.png>
Package pdftex.def Info: experiment4.png used on input line 191.
(pdftex.def)             Requested size: 482.9979pt x 253.08469pt.

<experiment5_10_hours.png, id=23, 1175.1102pt x 615.7404pt>
File: experiment5_10_hours.png Graphic file (type png)

<use experiment5_10_hours.png>
Package pdftex.def Info: experiment5_10_hours.png used on input line 200.
(pdftex.def)             Requested size: 482.9979pt x 253.08469pt.

<experiment5_3hoursin.png, id=24, 1175.1102pt x 615.7404pt>
File: experiment5_3hoursin.png Graphic file (type png)

<use experiment5_3hoursin.png>
Package pdftex.def Info: experiment5_3hoursin.png used on input line 205.
(pdftex.def)             Requested size: 482.9979pt x 253.08469pt.

<experiment6.png, id=25, 1175.1102pt x 615.7404pt>
File: experiment6.png Graphic file (type png)
 <use experiment6.png>
Package pdftex.def Info: experiment6.png used on input line 215.
(pdftex.def)             Requested size: 482.9979pt x 253.08469pt.

<experiment7.png, id=26, 1175.1102pt x 615.7404pt>
File: experiment7.png Graphic file (type png)
 <use experiment7.png>
Package pdftex.def Info: experiment7.png used on input line 221.
(pdftex.def)             Requested size: 482.9979pt x 253.08469pt.

<experiment8.png, id=27, 1175.1102pt x 615.7404pt>
File: experiment8.png Graphic file (type png)
 <use experiment8.png>
Package pdftex.def Info: experiment8.png used on input line 228.
(pdftex.def)             Requested size: 482.9979pt x 253.08469pt.


LaTeX Warning: No positions in optional float specifier.
               Default added (so using `tbp') on input line 233.


Overfull \hbox (8.05621pt too wide) in paragraph at lines 234--284
[][] 
 []


LaTeX Warning: Float too large for page by 55.94444pt on input line 286.


LaTeX Warning: No positions in optional float specifier.
               Default added (so using `tbp') on input line 290.


Overfull \hbox (8.05621pt too wide) in paragraph at lines 291--341
[][] 
 []


LaTeX Warning: Float too large for page by 45.88889pt on input line 343.

<figure_1.png, id=28, 578.16pt x 433.62pt>
File: figure_1.png Graphic file (type png)
 <use figure_1.png>
Package pdftex.def Info: figure_1.png used on input line 350.
(pdftex.def)             Requested size: 482.9979pt x 362.24675pt.

<figure_2.png, id=29, 578.16pt x 433.62pt>
File: figure_2.png Graphic file (type png)
 <use figure_2.png>
Package pdftex.def Info: figure_2.png used on input line 357.
(pdftex.def)             Requested size: 482.9979pt x 362.24675pt.

<figure_3.png, id=30, 578.16pt x 433.62pt>
File: figure_3.png Graphic file (type png)
 <use figure_3.png>
Package pdftex.def Info: figure_3.png used on input line 363.
(pdftex.def)             Requested size: 482.9979pt x 362.24675pt.

<figure_4.png, id=31, 578.16pt x 433.62pt>
File: figure_4.png Graphic file (type png)
 <use figure_4.png>
Package pdftex.def Info: figure_4.png used on input line 368.
(pdftex.def)             Requested size: 482.9979pt x 362.24675pt.

<figure_5.png, id=32, 578.16pt x 433.62pt>
File: figure_5.png Graphic file (type png)
 <use figure_5.png>
Package pdftex.def Info: figure_5.png used on input line 373.
(pdftex.def)             Requested size: 482.9979pt x 362.24675pt.

<figure_6.png, id=33, 578.16pt x 433.62pt>
File: figure_6.png Graphic file (type png)
 <use figure_6.png>
Package pdftex.def Info: figure_6.png used on input line 378.
(pdftex.def)             Requested size: 482.9979pt x 362.24675pt.

<figure_7.png, id=34, 578.16pt x 433.62pt>
File: figure_7.png Graphic file (type png)
 <use figure_7.png>
Package pdftex.def Info: figure_7.png used on input line 383.
(pdftex.def)             Requested size: 482.9979pt x 362.24675pt.

<figure_8.png, id=35, 578.16pt x 433.62pt>
File: figure_8.png Graphic file (type png)
 <use figure_8.png>
Package pdftex.def Info: figure_8.png used on input line 388.
(pdftex.def)             Requested size: 482.9979pt x 362.24675pt.

<figure_9.png, id=36, 578.16pt x 433.62pt>
File: figure_9.png Graphic file (type png)
 <use figure_9.png>
Package pdftex.def Info: figure_9.png used on input line 393.
(pdftex.def)             Requested size: 482.9979pt x 362.24675pt.

<figure_10.png, id=37, 578.16pt x 433.62pt>
File: figure_10.png Graphic file (type png)
 <use figure_10.png>
Package pdftex.def Info: figure_10.png used on input line 398.
(pdftex.def)             Requested size: 482.9979pt x 362.24675pt.

<figure_81.png, id=38, 578.16pt x 433.62pt>
File: figure_81.png Graphic file (type png)
 <use figure_81.png>
Package pdftex.def Info: figure_81.png used on input line 404.
(pdftex.def)             Requested size: 482.9979pt x 362.24675pt.

<figure_82.png, id=39, 578.16pt x 433.62pt>
File: figure_82.png Graphic file (type png)
 <use figure_82.png>
Package pdftex.def Info: figure_82.png used on input line 409.
(pdftex.def)             Requested size: 482.9979pt x 362.24675pt.

<figure_83.png, id=40, 578.16pt x 433.62pt>
File: figure_83.png Graphic file (type png)
 <use figure_83.png>
Package pdftex.def Info: figure_83.png used on input line 415.
(pdftex.def)             Requested size: 482.9979pt x 362.24675pt.

<figure_84.png, id=41, 578.16pt x 433.62pt>
File: figure_84.png Graphic file (type png)
 <use figure_84.png>
Package pdftex.def Info: figure_84.png used on input line 420.
(pdftex.def)             Requested size: 482.9979pt x 362.24675pt.

<figure_85.png, id=42, 578.16pt x 433.62pt>
File: figure_85.png Graphic file (type png)
 <use figure_85.png>
Package pdftex.def Info: figure_85.png used on input line 426.
(pdftex.def)             Requested size: 482.9979pt x 362.24675pt.

<figure_86.png, id=43, 578.16pt x 433.62pt>
File: figure_86.png Graphic file (type png)
 <use figure_86.png>
Package pdftex.def Info: figure_86.png used on input line 431.
(pdftex.def)             Requested size: 482.9979pt x 362.24675pt.
 [4] [5 <./experiment1.png>] [6 <./experiment2.png>] [7 <./experiment3.png>] [8
 <./experiment4.png>] [9 <./experiment5_10_hours.png>] [10 <./experiment5_3hour
sin.png>]
[11 <./experiment6.png>] [12 <./experiment7.png>] [13 <./experiment8.png>]
[14] [15] [16 <./figure_1.png>] [17 <./figure_2.png>] [18 <./figure_3.png>]
[19 <./figure_4.png>] [20 <./figure_5.png>] [21 <./figure_6.png>] [22 <./figure
_7.png>] [23 <./figure_8.png>] [24 <./figure_9.png>] [25 <./figure_10.png>]
[26 <./figure_81.png>] [27 <./figure_82.png>] [28 <./figure_83.png>] [29 <./fig
ure_84.png>] [30 <./figure_85.png>] [31 <./figure_86.png>]
(ShakespeareMarch30.aux) ) 
Here is how much of TeX's memory you used:
 2313 strings out of 493634
 30078 string characters out of 3132381
 113903 words of memory out of 3000000
 5671 multiletter control sequences out of 15000+200000
 11841 words of font info for 46 fonts, out of 3000000 for 9000
 1025 hyphenation exceptions out of 8191
 27i,7n,24p,989b,238s stack positions out of 5000i,500n,10000p,200000b,50000s
<C:/Users/Micah Warren/AppData/Local/Programs/MiKTeX 
2.9/fonts/type1/public/amsfonts/cm/cmbx12.pfb><C:/Users/Micah Warren/AppData/Lo
cal/Programs/MiKTeX 2.9/fonts/type1/public/amsfonts/cm/cmbx9.pfb><C:/Users/Mica
h Warren/AppData/Local/Programs/MiKTeX 2.9/fonts/type1/public/amsfonts/cm/cmr10
.pfb><C:/Users/Micah Warren/AppData/Local/Programs/MiKTeX 2.9/fonts/type1/publi
c/amsfonts/cm/cmr12.pfb><C:/Users/Micah Warren/AppData/Local/Programs/MiKTeX 2.
9/fonts/type1/public/amsfonts/cm/cmr17.pfb><C:/Users/Micah Warren/AppData/Local
/Programs/MiKTeX 2.9/fonts/type1/public/amsfonts/cm/cmr9.pfb><C:/Users/Micah Wa
rren/AppData/Local/Programs/MiKTeX 2.9/fonts/type1/public/amsfonts/cm/cmti10.pf
b>
Output written on ShakespeareMarch30.pdf (31 pages, 1702890 bytes).
PDF statistics:
 181 PDF objects out of 1000 (max. 8388607)
 0 named destinations out of 1000 (max. 500000)
 126 words of extra memory for PDF output out of 10000 (max. 10000000)

